<?xml version="1.0" encoding="UTF-8"?>
<!-- Generated by org.testng.reporters.JUnitReportReporter -->
<testsuite skipped="0" hostname="SSSDU-7132" name="APITest.Test.finaltest" tests="7" failures="0" timestamp="16 Dec 2020 14:32:41 GMT" time="8.576" errors="0">
  <testcase name="ping" time="0.921" classname="APITest.Test.finaltest"/>
  <testcase name="test2" time="1.447" classname="APITest.Test.finaltest"/>
  <testcase name="basicValidation" time="2.367" classname="APITest.Test.finaltest"/>
  <testcase name="validateResponseTime" time="1.000" classname="APITest.Test.finaltest"/>
  <testcase name="test1" time="0.983" classname="APITest.Test.finaltest"/>
  <testcase name="notEmpty" time="0.916" classname="APITest.Test.finaltest"/>
  <testcase name="validateResourceDetails" time="0.942" classname="APITest.Test.finaltest"/>
</testsuite> <!-- APITest.Test.finaltest -->
