<?xml version="1.0" encoding="UTF-8"?>
<!-- Generated by org.testng.reporters.JUnitReportReporter -->
<testsuite skipped="0" hostname="SSSDU-7132" name="APITest.Test.NewTest" tests="1" failures="0" timestamp="15 Dec 2020 15:07:50 GMT" time="2.784" errors="0">
  <testcase name="basicValidation" time="2.784" classname="APITest.Test.NewTest"/>
</testsuite> <!-- APITest.Test.NewTest -->
