<?xml version="1.0" encoding="UTF-8"?>
<!-- Generated by org.testng.reporters.JUnitReportReporter -->
<testsuite skipped="0" hostname="SSSDU-7132" name="APITest.Test.Getresource" tests="7" failures="0" timestamp="16 Dec 2020 14:51:41 GMT" time="9.847" errors="0">
  <testcase name="ping" time="1.139" classname="APITest.Test.Getresource"/>
  <testcase name="test2" time="1.451" classname="APITest.Test.Getresource"/>
  <testcase name="basicValidation" time="2.380" classname="APITest.Test.Getresource"/>
  <testcase name="validateResponseTime" time="0.911" classname="APITest.Test.Getresource"/>
  <testcase name="test1" time="1.779" classname="APITest.Test.Getresource"/>
  <testcase name="notEmpty" time="1.000" classname="APITest.Test.Getresource"/>
  <testcase name="validateResourceDetails" time="1.187" classname="APITest.Test.Getresource"/>
</testsuite> <!-- APITest.Test.Getresource -->
